0 info it worked if it ends with ok
1 verbose cli [ 'node', '/usr/local/bin/npm', 'install', 'npm@latest', '-g' ]
2 info using npm@2.5.1
3 info using node@v0.12.1
4 silly cache add args [ 'npm@latest', null ]
5 verbose cache add spec npm@latest
6 silly cache add parsed spec { raw: 'npm@latest',
6 silly cache add   scope: null,
6 silly cache add   name: 'npm',
6 silly cache add   rawSpec: 'latest',
6 silly cache add   spec: 'latest',
6 silly cache add   type: 'tag' }
7 verbose addNamed npm@latest
8 silly addNamed semver.valid null
9 silly addNamed semver.validRange null
10 info addNameTag [ 'npm', 'latest' ]
11 silly mapToRegistry name npm
12 silly mapToRegistry using default registry
13 silly mapToRegistry registry https://registry.npmjs.org/
14 silly mapToRegistry uri https://registry.npmjs.org/npm
15 verbose addNameTag registry:https://registry.npmjs.org/npm not in flight; fetching
16 verbose request uri https://registry.npmjs.org/npm
17 verbose request no auth needed
18 info attempt registry request try #1 at 1:16:22 PM
19 verbose request id 9804884820b07dd4
20 http request GET https://registry.npmjs.org/npm
21 http 200 https://registry.npmjs.org/npm
22 silly get cb [ 200,
22 silly get   { server: 'CouchDB/1.5.0 (Erlang OTP/R16B03)',
22 silly get     etag: '"4EK0LTFGHNN2OZQKKXNO7M6P1"',
22 silly get     'content-type': 'application/json',
22 silly get     'cache-control': 'max-age=300',
22 silly get     'content-length': '4765506',
22 silly get     'accept-ranges': 'bytes',
22 silly get     date: 'Fri, 01 Apr 2016 17:16:23 GMT',
22 silly get     via: '1.1 varnish',
22 silly get     age: '278',
22 silly get     connection: 'keep-alive',
22 silly get     'x-served-by': 'cache-atl6244-ATL',
22 silly get     'x-cache': 'HIT',
22 silly get     'x-cache-hits': '2',
22 silly get     'x-timer': 'S1459530983.204594,VS0,VE0',
22 silly get     vary: 'Accept' } ]
23 verbose get saving npm to /Users/AdrianMLin/.npm/registry.npmjs.org/npm/.cache.json
24 silly addNameTag next cb for npm with tag latest
25 verbose addNamed npm@3.8.5
26 silly addNamed semver.valid 3.8.5
27 silly addNamed semver.validRange 3.8.5
28 silly mapToRegistry name npm
29 silly mapToRegistry using default registry
30 silly mapToRegistry registry https://registry.npmjs.org/
31 silly mapToRegistry uri https://registry.npmjs.org/npm
32 verbose addRemoteTarball https://registry.npmjs.org/npm/-/npm-3.8.5.tgz not in flight; adding
33 verbose addRemoteTarball [ 'https://registry.npmjs.org/npm/-/npm-3.8.5.tgz',
33 verbose addRemoteTarball   '12ee77ee3af916854e5b20930b43ee5158dc9162' ]
34 info retry fetch attempt 1 at 1:16:25 PM
35 info attempt registry request try #1 at 1:16:25 PM
36 http fetch GET https://registry.npmjs.org/npm/-/npm-3.8.5.tgz
37 http fetch 200 https://registry.npmjs.org/npm/-/npm-3.8.5.tgz
38 silly fetchAndShaCheck shasum 12ee77ee3af916854e5b20930b43ee5158dc9162
39 verbose addTmpTarball /var/folders/ps/1z5_dl2d0ylckx38ky67ppqc0000gn/T/npm-17027-6eca21dc/registry.npmjs.org/npm/-/npm-3.8.5.tgz not in flight; adding
40 verbose addTmpTarball already have metadata; skipping unpack for npm@3.8.5
41 silly cache afterAdd npm@3.8.5
42 verbose afterAdd /Users/AdrianMLin/.npm/npm/3.8.5/package/package.json not in flight; writing
43 verbose afterAdd /Users/AdrianMLin/.npm/npm/3.8.5/package/package.json written
44 silly install resolved [ { version: '3.8.5',
44 silly install resolved     name: 'npm',
44 silly install resolved     description: 'a package manager for JavaScript',
44 silly install resolved     keywords: [ 'install', 'modules', 'package manager', 'package.json' ],
44 silly install resolved     preferGlobal: true,
44 silly install resolved     config: { publishtest: false },
44 silly install resolved     homepage: 'https://docs.npmjs.com/',
44 silly install resolved     author:
44 silly install resolved      { name: 'Isaac Z. Schlueter',
44 silly install resolved        email: 'i@izs.me',
44 silly install resolved        url: 'http://blog.izs.me' },
44 silly install resolved     repository: { type: 'git', url: 'git+https://github.com/npm/npm.git' },
44 silly install resolved     bugs: { url: 'http://github.com/npm/npm/issues' },
44 silly install resolved     directories: { bin: './bin', doc: './doc', lib: './lib', man: './man' },
44 silly install resolved     main: './lib/npm.js',
44 silly install resolved     bin: { npm: './bin/npm-cli.js' },
44 silly install resolved     dependencies:
44 silly install resolved      { abbrev: '~1.0.7',
44 silly install resolved        ansicolors: '~0.3.2',
44 silly install resolved        ansistyles: '~0.1.3',
44 silly install resolved        aproba: '~1.0.1',
44 silly install resolved        archy: '~1.0.0',
44 silly install resolved        chownr: '~1.0.1',
44 silly install resolved        'cmd-shim': '~2.0.2',
44 silly install resolved        columnify: '~1.5.4',
44 silly install resolved        'config-chain': '~1.1.10',
44 silly install resolved        dezalgo: '~1.0.3',
44 silly install resolved        editor: '~1.0.0',
44 silly install resolved        'fs-vacuum': '~1.2.7',
44 silly install resolved        'fs-write-stream-atomic': '~1.0.8',
44 silly install resolved        fstream: '~1.0.8',
44 silly install resolved        'fstream-npm': '~1.0.7',
44 silly install resolved        glob: '~7.0.3',
44 silly install resolved        'graceful-fs': '~4.1.3',
44 silly install resolved        'has-unicode': '~2.0.0',
44 silly install resolved        'hosted-git-info': '~2.1.4',
44 silly install resolved        iferr: '~0.1.5',
44 silly install resolved        inflight: '~1.0.4',
44 silly install resolved        inherits: '~2.0.1',
44 silly install resolved        ini: '~1.3.4',
44 silly install resolved        'init-package-json': '~1.9.3',
44 silly install resolved        lockfile: '~1.0.1',
44 silly install resolved        'lodash._baseuniq': '~4.5.0',
44 silly install resolved        'lodash.clonedeep': '~4.3.1',
44 silly install resolved        'lodash.isarray': '~4.0.0',
44 silly install resolved        'lodash.keys': '~4.0.5',
44 silly install resolved        'lodash.union': '~4.2.0',
44 silly install resolved        'lodash.uniq': '~4.2.0',
44 silly install resolved        'lodash.without': '~4.1.1',
44 silly install resolved        mkdirp: '~0.5.1',
44 silly install resolved        'node-gyp': '~3.3.1',
44 silly install resolved        nopt: '~3.0.6',
44 silly install resolved        'normalize-git-url': '~3.0.1',
44 silly install resolved        'normalize-package-data': '~2.3.5',
44 silly install resolved        'npm-cache-filename': '~1.0.2',
44 silly install resolved        'npm-install-checks': '~3.0.0',
44 silly install resolved        'npm-package-arg': '~4.1.0',
44 silly install resolved        'npm-registry-client': '~7.1.0',
44 silly install resolved        'npm-user-validate': '~0.1.2',
44 silly install resolved        npmlog: '~2.0.3',
44 silly install resolved        once: '~1.3.3',
44 silly install resolved        opener: '~1.4.1',
44 silly install resolved        osenv: '~0.1.3',
44 silly install resolved        'path-is-inside': '~1.0.1',
44 silly install resolved        read: '~1.0.7',
44 silly install resolved        'read-cmd-shim': '~1.0.1',
44 silly install resolved        'read-installed': '~4.0.3',
44 silly install resolved        'read-package-json': '~2.0.3',
44 silly install resolved        'read-package-tree': '~5.1.2',
44 silly install resolved        'readable-stream': '~2.0.6',
44 silly install resolved        'realize-package-specifier': '~3.0.1',
44 silly install resolved        request: '~2.69.0',
44 silly install resolved        retry: '~0.9.0',
44 silly install resolved        rimraf: '~2.5.2',
44 silly install resolved        semver: '~5.1.0',
44 silly install resolved        sha: '~2.0.1',
44 silly install resolved        slide: '~1.1.6',
44 silly install resolved        'sorted-object': '~2.0.0',
44 silly install resolved        'strip-ansi': '~3.0.1',
44 silly install resolved        tar: '~2.2.1',
44 silly install resolved        'text-table': '~0.2.0',
44 silly install resolved        'uid-number': '0.0.6',
44 silly install resolved        umask: '~1.1.0',
44 silly install resolved        'unique-filename': '~1.1.0',
44 silly install resolved        unpipe: '~1.0.0',
44 silly install resolved        'validate-npm-package-name': '~2.2.2',
44 silly install resolved        which: '~1.2.4',
44 silly install resolved        wrappy: '~1.0.1',
44 silly install resolved        'write-file-atomic': '~1.1.4',
44 silly install resolved        'ansi-regex': '*',
44 silly install resolved        debuglog: '*',
44 silly install resolved        imurmurhash: '*',
44 silly install resolved        'lodash._baseindexof': '*',
44 silly install resolved        'lodash._bindcallback': '*',
44 silly install resolved        'lodash._cacheindexof': '*',
44 silly install resolved        'lodash._createcache': '*',
44 silly install resolved        'lodash._getnative': '*',
44 silly install resolved        'lodash.restparam': '*',
44 silly install resolved        'readdir-scoped-modules': '*',
44 silly install resolved        'validate-npm-package-license': '*' },
44 silly install resolved     bundleDependencies:
44 silly install resolved      [ 'abbrev',
44 silly install resolved        'ansi-regex',
44 silly install resolved        'ansicolors',
44 silly install resolved        'ansistyles',
44 silly install resolved        'aproba',
44 silly install resolved        'archy',
44 silly install resolved        'chownr',
44 silly install resolved        'cmd-shim',
44 silly install resolved        'columnify',
44 silly install resolved        'config-chain',
44 silly install resolved        'debuglog',
44 silly install resolved        'dezalgo',
44 silly install resolved        'editor',
44 silly install resolved        'fs-vacuum',
44 silly install resolved        'fs-write-stream-atomic',
44 silly install resolved        'fstream',
44 silly install resolved        'fstream-npm',
44 silly install resolved        'glob',
44 silly install resolved        'graceful-fs',
44 silly install resolved        'has-unicode',
44 silly install resolved        'hosted-git-info',
44 silly install resolved        'iferr',
44 silly install resolved        'imurmurhash',
44 silly install resolved        'inflight',
44 silly install resolved        'inherits',
44 silly install resolved        'ini',
44 silly install resolved        'init-package-json',
44 silly install resolved        'lockfile',
44 silly install resolved        'lodash._baseindexof',
44 silly install resolved        'lodash._baseuniq',
44 silly install resolved        'lodash._bindcallback',
44 silly install resolved        'lodash._cacheindexof',
44 silly install resolved        'lodash._createcache',
44 silly install resolved        'lodash._getnative',
44 silly install resolved        'lodash.clonedeep',
44 silly install resolved        'lodash.isarray',
44 silly install resolved        'lodash.keys',
44 silly install resolved        'lodash.restparam',
44 silly install resolved        'lodash.union',
44 silly install resolved        'lodash.uniq',
44 silly install resolved        'lodash.without',
44 silly install resolved        'mkdirp',
44 silly install resolved        'node-gyp',
44 silly install resolved        'nopt',
44 silly install resolved        'normalize-git-url',
44 silly install resolved        'normalize-package-data',
44 silly install resolved        'npm-cache-filename',
44 silly install resolved        'npm-install-checks',
44 silly install resolved        'npm-package-arg',
44 silly install resolved        'npm-registry-client',
44 silly install resolved        'npm-user-validate',
44 silly install resolved        'npmlog',
44 silly install resolved        'once',
44 silly install resolved        'opener',
44 silly install resolved        'osenv',
44 silly install resolved        'path-is-inside',
44 silly install resolved        'read',
44 silly install resolved        'read-cmd-shim',
44 silly install resolved        'read-installed',
44 silly install resolved        'read-package-json',
44 silly install resolved        'read-package-tree',
44 silly install resolved        'readable-stream',
44 silly install resolved        'readdir-scoped-modules',
44 silly install resolved        'realize-package-specifier',
44 silly install resolved        'request',
44 silly install resolved        'retry',
44 silly install resolved        'rimraf',
44 silly install resolved        'semver',
44 silly install resolved        'sha',
44 silly install resolved        'slide',
44 silly install resolved        'sorted-object',
44 silly install resolved        'strip-ansi',
44 silly install resolved        'tar',
44 silly install resolved        'text-table',
44 silly install resolved        'uid-number',
44 silly install resolved        'umask',
44 silly install resolved        'unique-filename',
44 silly install resolved        'unpipe',
44 silly install resolved        'validate-npm-package-license',
44 silly install resolved        'validate-npm-package-name',
44 silly install resolved        'which',
44 silly install resolved        'wrappy',
44 silly install resolved        'write-file-atomic' ],
44 silly install resolved     devDependencies:
44 silly install resolved      { 'deep-equal': '~1.0.1',
44 silly install resolved        marked: '~0.3.5',
44 silly install resolved        'marked-man': '~0.1.5',
44 silly install resolved        'npm-registry-couchapp': '~2.6.12',
44 silly install resolved        'npm-registry-mock': '~1.0.1',
44 silly install resolved        'require-inject': '~1.3.1',
44 silly install resolved        'sprintf-js': '~1.0.3',
44 silly install resolved        standard: '~5.4.1',
44 silly install resolved        tacks: '~1.0.9',
44 silly install resolved        tap: '~5.7.0' },
44 silly install resolved     scripts:
44 silly install resolved      { dumpconf: 'env | grep npm | sort | uniq',
44 silly install resolved        prepublish: 'node bin/npm-cli.js prune --prefix=. --no-global && rimraf test/*/*/node_modules && make -j4 doc',
44 silly install resolved        preversion: 'bash scripts/update-authors.sh && git add AUTHORS && git commit -m "update AUTHORS" || true',
44 silly install resolved        tap: 'tap --timeout 240',
44 silly install resolved        test: 'standard && npm run test-tap',
44 silly install resolved        'test-tap': 'npm run tap -- "test/tap/*.js"',
44 silly install resolved        'test-node': '"$NODE" ./test/run.js && "$NODE" "node_modules/.bin/tap" --timeout 240 "test/tap/*.js"' },
44 silly install resolved     license: 'Artistic-2.0',
44 silly install resolved     contributors:
44 silly install resolved      [ [Object],
44 silly install resolved        [Object],
44 silly install resolved        [Object],
44 silly install resolved        [Object],
44 silly install resolved        [Object],
44 silly install resolved        [Object],
44 silly install resolved        [Object],
44 silly install resolved        [Object],
44 silly install resolved        [Object],
44 silly install resolved        [Object],
44 silly install resolved        [Object],
44 silly install resolved        [Object],
44 silly install resolved        [Object],
44 silly install resolved        [Object],
44 silly install resolved        [Object],
44 silly install resolved        [Object],
44 silly install resolved        [Object],
44 silly install resolved        [Object],
44 silly install resolved        [Object],
44 silly install resolved        [Object],
44 silly install resolved        [Object],
44 silly install resolved        [Object],
44 silly install resolved        [Object],
44 silly install resolved        [Object],
44 silly install resolved        [Object],
44 silly install resolved        [Object],
44 silly install resolved        [Object],
44 silly install resolved        [Object],
44 silly install resolved        [Object],
44 silly install resolved        [Object],
44 silly install resolved        [Object],
44 silly install resolved        [Object],
44 silly install resolved        [Object],
44 silly install resolved        [Object],
44 silly install resolved        [Object],
44 silly install resolved        [Object],
44 silly install resolved        [Object],
44 silly install resolved        [Object],
44 silly install resolved        [Object],
44 silly install resolved        [Object],
44 silly install resolved        [Object],
44 silly install resolved        [Object],
44 silly install resolved        [Object],
44 silly install resolved        [Object],
44 silly install resolved        [Object],
44 silly install resolved        [Object],
44 silly install resolved        [Object],
44 silly install resolved        [Object],
44 silly install resolved        [Object],
44 silly install resolved        [Object],
44 silly install resolved        [Object],
44 silly install resolved        [Object],
44 silly install resolved        [Object],
44 silly install resolved        [Object],
44 silly install resolved        [Object],
44 silly install resolved        [Object],
44 silly install resolved        [Object],
44 silly install resolved        [Object],
44 silly install resolved        [Object],
44 silly install resolved        [Object],
44 silly install resolved        [Object],
44 silly install resolved        [Object],
44 silly install resolved        [Object],
44 silly install resolved        [Object],
44 silly install resolved        [Object],
44 silly install resolved        [Object],
44 silly install resolved        [Object],
44 silly install resolved        [Object],
44 silly install resolved        [Object],
44 silly install resolved        [Object],
44 silly install resolved        [Object],
44 silly install resolved        [Object],
44 silly install resolved        [Object],
44 silly install resolved        [Object],
44 silly install resolved        [Object],
44 silly install resolved        [Object],
44 silly install resolved        [Object],
44 silly install resolved        [Object],
44 silly install resolved        [Object],
44 silly install resolved        [Object],
44 silly install resolved        [Object],
44 silly install resolved        [Object],
44 silly install resolved        [Object],
44 silly install resolved        [Object],
44 silly install resolved        [Object],
44 silly install resolved        [Object],
44 silly install resolved        [Object],
44 silly install resolved        [Object],
44 silly install resolved        [Object],
44 silly install resolved        [Object],
44 silly install resolved        [Object],
44 silly install resolved        [Object],
44 silly install resolved        [Object],
44 silly install resolved        [Object],
44 silly install resolved        [Object],
44 silly install resolved        [Object],
44 silly install resolved        [Object],
44 silly install resolved        [Object],
44 silly install resolved        [Object],
44 silly install resolved        [Object],
44 silly install resolved        [Object],
44 silly install resolved        [Object],
44 silly install resolved        [Object],
44 silly install resolved        [Object],
44 silly install resolved        [Object],
44 silly install resolved        [Object],
44 silly install resolved        [Object],
44 silly install resolved        [Object],
44 silly install resolved        [Object],
44 silly install resolved        [Object],
44 silly install resolved        [Object],
44 silly install resolved        [Object],
44 silly install resolved        [Object],
44 silly install resolved        [Object],
44 silly install resolved        [Object],
44 silly install resolved        [Object],
44 silly install resolved        [Object],
44 silly install resolved        [Object],
44 silly install resolved        [Object],
44 silly install resolved        [Object],
44 silly install resolved        [Object],
44 silly install resolved        [Object],
44 silly install resolved        [Object],
44 silly install resolved        [Object],
44 silly install resolved        [Object],
44 silly install resolved        [Object],
44 silly install resolved        [Object],
44 silly install resolved        [Object],
44 silly install resolved        [Object],
44 silly install resolved        [Object],
44 silly install resolved        [Object],
44 silly install resolved        [Object],
44 silly install resolved        [Object],
44 silly install resolved        [Object],
44 silly install resolved        [Object],
44 silly install resolved        [Object],
44 silly install resolved        [Object],
44 silly install resolved        [Object],
44 silly install resolved        [Object],
44 silly install resolved        [Object],
44 silly install resolved        [Object],
44 silly install resolved        [Object],
44 silly install resolved        [Object],
44 silly install resolved        [Object],
44 silly install resolved        [Object],
44 silly install resolved        [Object],
44 silly install resolved        [Object],
44 silly install resolved        [Object],
44 silly install resolved        [Object],
44 silly install resolved        [Object],
44 silly install resolved        [Object],
44 silly install resolved        [Object],
44 silly install resolved        [Object],
44 silly install resolved        [Object],
44 silly install resolved        [Object],
44 silly install resolved        [Object],
44 silly install resolved        [Object],
44 silly install resolved        [Object],
44 silly install resolved        [Object],
44 silly install resolved        [Object],
44 silly install resolved        [Object],
44 silly install resolved        [Object],
44 silly install resolved        [Object],
44 silly install resolved        [Object],
44 silly install resolved        [Object],
44 silly install resolved        [Object],
44 silly install resolved        [Object],
44 silly install resolved        [Object],
44 silly install resolved        [Object],
44 silly install resolved        [Object],
44 silly install resolved        [Object],
44 silly install resolved        [Object],
44 silly install resolved        [Object],
44 silly install resolved        [Object],
44 silly install resolved        [Object],
44 silly install resolved        [Object],
44 silly install resolved        [Object],
44 silly install resolved        [Object],
44 silly install resolved        [Object],
44 silly install resolved        [Object],
44 silly install resolved        [Object],
44 silly install resolved        [Object],
44 silly install resolved        [Object],
44 silly install resolved        [Object],
44 silly install resolved        [Object],
44 silly install resolved        [Object],
44 silly install resolved        [Object],
44 silly install resolved        [Object],
44 silly install resolved        [Object],
44 silly install resolved        [Object],
44 silly install resolved        [Object],
44 silly install resolved        [Object],
44 silly install resolved        [Object],
44 silly install resolved        [Object],
44 silly install resolved        [Object],
44 silly install resolved        [Object],
44 silly install resolved        [Object],
44 silly install resolved        [Object],
44 silly install resolved        [Object],
44 silly install resolved        [Object],
44 silly install resolved        [Object],
44 silly install resolved        [Object],
44 silly install resolved        [Object],
44 silly install resolved        [Object],
44 silly install resolved        [Object],
44 silly install resolved        [Object],
44 silly install resolved        [Object],
44 silly install resolved        [Object],
44 silly install resolved        [Object],
44 silly install resolved        [Object],
44 silly install resolved        [Object],
44 silly install resolved        [Object],
44 silly install resolved        [Object],
44 silly install resolved        [Object],
44 silly install resolved        [Object],
44 silly install resolved        [Object],
44 silly install resolved        [Object],
44 silly install resolved        [Object],
44 silly install resolved        [Object],
44 silly install resolved        [Object],
44 silly install resolved        [Object],
44 silly install resolved        [Object],
44 silly install resolved        [Object],
44 silly install resolved        [Object],
44 silly install resolved        [Object],
44 silly install resolved        [Object],
44 silly install resolved        [Object],
44 silly install resolved        [Object],
44 silly install resolved        [Object],
44 silly install resolved        [Object],
44 silly install resolved        [Object],
44 silly install resolved        [Object],
44 silly install resolved        [Object],
44 silly install resolved        [Object],
44 silly install resolved        [Object],
44 silly install resolved        [Object],
44 silly install resolved        [Object],
44 silly install resolved        [Object],
44 silly install resolved        [Object],
44 silly install resolved        [Object],
44 silly install resolved        [Object],
44 silly install resolved        [Object],
44 silly install resolved        [Object],
44 silly install resolved        [Object],
44 silly install resolved        [Object],
44 silly install resolved        [Object],
44 silly install resolved        [Object],
44 silly install resolved        [Object],
44 silly install resolved        [Object],
44 silly install resolved        [Object],
44 silly install resolved        [Object],
44 silly install resolved        [Object],
44 silly install resolved        [Object],
44 silly install resolved        [Object],
44 silly install resolved        [Object],
44 silly install resolved        [Object],
44 silly install resolved        [Object],
44 silly install resolved        [Object],
44 silly install resolved        [Object],
44 silly install resolved        [Object],
44 silly install resolved        [Object],
44 silly install resolved        [Object],
44 silly install resolved        [Object],
44 silly install resolved        [Object],
44 silly install resolved        [Object],
44 silly install resolved        [Object],
44 silly install resolved        [Object],
44 silly install resolved        [Object],
44 silly install resolved        [Object],
44 silly install resolved        [Object],
44 silly install resolved        [Object],
44 silly install resolved        [Object],
44 silly install resolved        [Object],
44 silly install resolved        [Object],
44 silly install resolved        [Object],
44 silly install resolved        [Object],
44 silly install resolved        [Object],
44 silly install resolved        [Object],
44 silly install resolved        [Object],
44 silly install resolved        [Object],
44 silly install resolved        [Object],
44 silly install resolved        [Object],
44 silly install resolved        [Object],
44 silly install resolved        [Object],
44 silly install resolved        [Object],
44 silly install resolved        [Object],
44 silly install resolved        [Object],
44 silly install resolved        [Object],
44 silly install resolved        [Object],
44 silly install resolved        [Object],
44 silly install resolved        [Object],
44 silly install resolved        [Object],
44 silly install resolved        [Object],
44 silly install resolved        [Object],
44 silly install resolved        [Object],
44 silly install resolved        [Object],
44 silly install resolved        [Object],
44 silly install resolved        [Object],
44 silly install resolved        [Object],
44 silly install resolved        [Object],
44 silly install resolved        [Object],
44 silly install resolved        [Object],
44 silly install resolved        [Object],
44 silly install resolved        [Object],
44 silly install resolved        [Object],
44 silly install resolved        [Object],
44 silly install resolved        [Object],
44 silly install resolved        [Object],
44 silly install resolved        [Object],
44 silly install resolved        [Object],
44 silly install resolved        [Object],
44 silly install resolved        [Object],
44 silly install resolved        [Object],
44 silly install resolved        [Object],
44 silly install resolved        [Object],
44 silly install resolved        [Object],
44 silly install resolved        [Object],
44 silly install resolved        [Object],
44 silly install resolved        [Object],
44 silly install resolved        [Object],
44 silly install resolved        [Object],
44 silly install resolved        [Object],
44 silly install resolved        [Object],
44 silly install resolved        [Object],
44 silly install resolved        [Object],
44 silly install resolved        [Object],
44 silly install resolved        [Object],
44 silly install resolved        [Object],
44 silly install resolved        [Object],
44 silly install resolved        [Object],
44 silly install resolved        [Object],
44 silly install resolved        [Object],
44 silly install resolved        [Object],
44 silly install resolved        [Object],
44 silly install resolved        [Object],
44 silly install resolved        [Object],
44 silly install resolved        [Object],
44 silly install resolved        [Object],
44 silly install resolved        [Object],
44 silly install resolved        [Object],
44 silly install resolved        [Object],
44 silly install resolved        [Object],
44 silly install resolved        [Object],
44 silly install resolved        [Object],
44 silly install resolved        [Object],
44 silly install resolved        [Object],
44 silly install resolved        [Object],
44 silly install resolved        [Object],
44 silly install resolved        [Object],
44 silly install resolved        [Object],
44 silly install resolved        [Object],
44 silly install resolved        [Object],
44 silly install resolved        [Object],
44 silly install resolved        [Object],
44 silly install resolved        [Object],
44 silly install resolved        [Object],
44 silly install resolved        [Object],
44 silly install resolved        [Object],
44 silly install resolved        [Object],
44 silly install resolved        [Object],
44 silly install resolved        [Object],
44 silly install resolved        [Object],
44 silly install resolved        [Object],
44 silly install resolved        [Object],
44 silly install resolved        [Object],
44 silly install resolved        [Object],
44 silly install resolved        [Object],
44 silly install resolved        [Object],
44 silly install resolved        [Object],
44 silly install resolved        [Object],
44 silly install resolved        [Object],
44 silly install resolved        [Object],
44 silly install resolved        [Object],
44 silly install resolved        [Object],
44 silly install resolved        [Object],
44 silly install resolved        [Object],
44 silly install resolved        [Object],
44 silly install resolved        [Object],
44 silly install resolved        [Object],
44 silly install resolved        [Object],
44 silly install resolved        [Object],
44 silly install resolved        [Object],
44 silly install resolved        [Object],
44 silly install resolved        [Object],
44 silly install resolved        [Object],
44 silly install resolved        [Object],
44 silly install resolved        [Object] ],
44 silly install resolved     man:
44 silly install resolved      [ '/Users/rebecca/code/release/npm-3/man/man1/npm-access.1',
44 silly install resolved        '/Users/rebecca/code/release/npm-3/man/man1/npm-adduser.1',
44 silly install resolved        '/Users/rebecca/code/release/npm-3/man/man1/npm-bin.1',
44 silly install resolved        '/Users/rebecca/code/release/npm-3/man/man1/npm-bugs.1',
44 silly install resolved        '/Users/rebecca/code/release/npm-3/man/man1/npm-build.1',
44 silly install resolved        '/Users/rebecca/code/release/npm-3/man/man1/npm-bundle.1',
44 silly install resolved        '/Users/rebecca/code/release/npm-3/man/man1/npm-cache.1',
44 silly install resolved        '/Users/rebecca/code/release/npm-3/man/man1/npm-completion.1',
44 silly install resolved        '/Users/rebecca/code/release/npm-3/man/man1/npm-config.1',
44 silly install resolved        '/Users/rebecca/code/release/npm-3/man/man1/npm-dedupe.1',
44 silly install resolved        '/Users/rebecca/code/release/npm-3/man/man1/npm-deprecate.1',
44 silly install resolved        '/Users/rebecca/code/release/npm-3/man/man1/npm-dist-tag.1',
44 silly install resolved        '/Users/rebecca/code/release/npm-3/man/man1/npm-docs.1',
44 silly install resolved        '/Users/rebecca/code/release/npm-3/man/man1/npm-edit.1',
44 silly install resolved        '/Users/rebecca/code/release/npm-3/man/man1/npm-explore.1',
44 silly install resolved        '/Users/rebecca/code/release/npm-3/man/man1/npm-help-search.1',
44 silly install resolved        '/Users/rebecca/code/release/npm-3/man/man1/npm-help.1',
44 silly install resolved        '/Users/rebecca/code/release/npm-3/man/man1/npm-init.1',
44 silly install resolved        '/Users/rebecca/code/release/npm-3/man/man1/npm-install-test.1',
44 silly install resolved        '/Users/rebecca/code/release/npm-3/man/man1/npm-install.1',
44 silly install resolved        '/Users/rebecca/code/release/npm-3/man/man1/npm-link.1',
44 silly install resolved        '/Users/rebecca/code/release/npm-3/man/man1/npm-logout.1',
44 silly install resolved        '/Users/rebecca/code/release/npm-3/man/man1/npm-ls.1',
44 silly install resolved        '/Users/rebecca/code/release/npm-3/man/man1/npm-outdated.1',
44 silly install resolved        '/Users/rebecca/code/release/npm-3/man/man1/npm-owner.1',
44 silly install resolved        '/Users/rebecca/code/release/npm-3/man/man1/npm-pack.1',
44 silly install resolved        '/Users/rebecca/code/release/npm-3/man/man1/npm-ping.1',
44 silly install resolved        '/Users/rebecca/code/release/npm-3/man/man1/npm-prefix.1',
44 silly install resolved        '/Users/rebecca/code/release/npm-3/man/man1/npm-prune.1',
44 silly install resolved        '/Users/rebecca/code/release/npm-3/man/man1/npm-publish.1',
44 silly install resolved        '/Users/rebecca/code/release/npm-3/man/man1/npm-README.1',
44 silly install resolved        '/Users/rebecca/code/release/npm-3/man/man1/npm-rebuild.1',
44 silly install resolved        '/Users/rebecca/code/release/npm-3/man/man1/npm-repo.1',
44 silly install resolved        '/Users/rebecca/code/release/npm-3/man/man1/npm-restart.1',
44 silly install resolved        '/Users/rebecca/code/release/npm-3/man/man1/npm-root.1',
44 silly install resolved        '/Users/rebecca/code/release/npm-3/man/man1/npm-run-script.1',
44 silly install resolved        '/Users/rebecca/code/release/npm-3/man/man1/npm-search.1',
44 silly install resolved        '/Users/rebecca/code/release/npm-3/man/man1/npm-shrinkwrap.1',
44 silly install resolved        '/Users/rebecca/code/release/npm-3/man/man1/npm-star.1',
44 silly install resolved        '/Users/rebecca/code/release/npm-3/man/man1/npm-stars.1',
44 silly install resolved        '/Users/rebecca/code/release/npm-3/man/man1/npm-start.1',
44 silly install resolved        '/Users/rebecca/code/release/npm-3/man/man1/npm-stop.1',
44 silly install resolved        '/Users/rebecca/code/release/npm-3/man/man1/npm-tag.1',
44 silly install resolved        '/Users/rebecca/code/release/npm-3/man/man1/npm-team.1',
44 silly install resolved        '/Users/rebecca/code/release/npm-3/man/man1/npm-test.1',
44 silly install resolved        '/Users/rebecca/code/release/npm-3/man/man1/npm-uninstall.1',
44 silly install resolved        '/Users/rebecca/code/release/npm-3/man/man1/npm-unpublish.1',
44 silly install resolved        '/Users/rebecca/code/release/npm-3/man/man1/npm-update.1',
44 silly install resolved        '/Users/rebecca/code/release/npm-3/man/man1/npm-version.1',
44 silly install resolved        '/Users/rebecca/code/release/npm-3/man/man1/npm-view.1',
44 silly install resolved        '/Users/rebecca/code/release/npm-3/man/man1/npm-whoami.1',
44 silly install resolved        '/Users/rebecca/code/release/npm-3/man/man1/npm.1',
44 silly install resolved        '/Users/rebecca/code/release/npm-3/man/man5/npm-folders.5',
44 silly install resolved        '/Users/rebecca/code/release/npm-3/man/man5/npm-global.5',
44 silly install resolved        '/Users/rebecca/code/release/npm-3/man/man5/npm-json.5',
44 silly install resolved        '/Users/rebecca/code/release/npm-3/man/man5/npmrc.5',
44 silly install resolved        '/Users/rebecca/code/release/npm-3/man/man5/package.json.5',
44 silly install resolved        '/Users/rebecca/code/release/npm-3/man/man7/npm-coding-style.7',
44 silly install resolved        '/Users/rebecca/code/release/npm-3/man/man7/npm-config.7',
44 silly install resolved        '/Users/rebecca/code/release/npm-3/man/man7/npm-developers.7',
44 silly install resolved        '/Users/rebecca/code/release/npm-3/man/man7/npm-disputes.7',
44 silly install resolved        '/Users/rebecca/code/release/npm-3/man/man7/npm-index.7',
44 silly install resolved        '/Users/rebecca/code/release/npm-3/man/man7/npm-orgs.7',
44 silly install resolved        '/Users/rebecca/code/release/npm-3/man/man7/npm-registry.7',
44 silly install resolved        '/Users/rebecca/code/release/npm-3/man/man7/npm-scope.7',
44 silly install resolved        '/Users/rebecca/code/release/npm-3/man/man7/npm-scripts.7',
44 silly install resolved        '/Users/rebecca/code/release/npm-3/man/man7/removing-npm.7',
44 silly install resolved        '/Users/rebecca/code/release/npm-3/man/man7/semver.7' ],
44 silly install resolved     gitHead: '1310b5f17bf7d279083142724005a5b385df50e0',
44 silly install resolved     _id: 'npm@3.8.5',
44 silly install resolved     _shasum: '12ee77ee3af916854e5b20930b43ee5158dc9162',
44 silly install resolved     _from: 'npm@latest',
44 silly install resolved     _npmVersion: '3.8.5',
44 silly install resolved     _nodeVersion: '5.4.0',
44 silly install resolved     _npmUser: { name: 'iarna', email: 'me@re-becca.org' },
44 silly install resolved     dist:
44 silly install resolved      { shasum: '12ee77ee3af916854e5b20930b43ee5158dc9162',
44 silly install resolved        tarball: 'https://registry.npmjs.org/npm/-/npm-3.8.5.tgz' },
44 silly install resolved     maintainers: [ [Object], [Object], [Object], [Object] ],
44 silly install resolved     _npmOperationalInternal:
44 silly install resolved      { host: 'packages-12-west.internal.npmjs.com',
44 silly install resolved        tmp: 'tmp/npm-3.8.5.tgz_1458865077201_0.6120342826470733' },
44 silly install resolved     _resolved: 'https://registry.npmjs.org/npm/-/npm-3.8.5.tgz' } ]
45 info install npm@3.8.5 into /usr/local/lib
46 info installOne npm@3.8.5
47 verbose installOne of npm to /usr/local/lib not in flight; installing
48 warn locking Error: EACCES, open '/Users/AdrianMLin/.npm/_locks/npm-8bd9e7c51388758c.lock'
48 warn locking     at Error (native)
48 warn locking  /Users/AdrianMLin/.npm/_locks/npm-8bd9e7c51388758c.lock failed { [Error: EACCES, open '/Users/AdrianMLin/.npm/_locks/npm-8bd9e7c51388758c.lock']
48 warn locking   errno: -13,
48 warn locking   code: 'EACCES',
48 warn locking   path: '/Users/AdrianMLin/.npm/_locks/npm-8bd9e7c51388758c.lock' }
49 verbose stack Error: Attempt to unlock /usr/local/lib/node_modules/npm, which hasn't been locked
49 verbose stack     at unlock (/usr/local/lib/node_modules/npm/lib/utils/locker.js:66:11)
49 verbose stack     at cb (/usr/local/lib/node_modules/npm/lib/install.js:929:5)
49 verbose stack     at /usr/local/lib/node_modules/npm/lib/install.js:933:20
49 verbose stack     at /usr/local/lib/node_modules/npm/lib/utils/locker.js:40:9
49 verbose stack     at cb (/usr/local/lib/node_modules/npm/node_modules/lockfile/lockfile.js:149:38)
49 verbose stack     at /usr/local/lib/node_modules/npm/node_modules/lockfile/lockfile.js:177:38
49 verbose stack     at FSReqWrap.oncomplete (fs.js:99:15)
50 verbose cwd /Users/AdrianMLin/dev/Projects/adrianlin-single-page
51 error Darwin 15.4.0
52 error argv "node" "/usr/local/bin/npm" "install" "npm@latest" "-g"
53 error node v0.12.1
54 error npm  v2.5.1
55 error Attempt to unlock /usr/local/lib/node_modules/npm, which hasn't been locked
56 error If you need help, you may report this error at:
56 error     <http://github.com/npm/npm/issues>
57 verbose exit [ 1, true ]
